<?xml version="1.0" encoding="UTF-8"?>
<!-- Generated by org.testng.reporters.JUnitReportReporter -->
<testsuite skipped="0" hostname="DESKTOP-3PJLJ8C" name="TestSuites.timesheet" tests="1" failures="0" timestamp="27 May 2022 10:27:51 GMT" time="112.396" errors="0">
  <testcase name="testCases" time="112.396" classname="TestSuites.timesheet"/>
</testsuite> <!-- TestSuites.timesheet -->
